<?xml version="1.0" encoding="UTF-8"?>
<testng-results skipped="0" failed="0" total="1" passed="1">
  <reporter-output>
  </reporter-output>
  <suite name="Default suite" duration-ms="26300" started-at="2018-10-03T17:19:40Z" finished-at="2018-10-03T17:20:06Z">
    <groups>
    </groups>
    <test name="Default test" duration-ms="26300" started-at="2018-10-03T17:19:40Z" finished-at="2018-10-03T17:20:06Z">
      <class name="com.qa.CRM.CRM.testcases.ContactTest">
        <test-method status="PASS" signature="setup()[pri:0, instance:com.qa.CRM.CRM.testcases.ContactTest@1ce4f0a]" name="setup" is-config="true" duration-ms="23467" started-at="2018-10-03T22:49:40Z" finished-at="2018-10-03T22:50:03Z">
          <reporter-output>
          </reporter-output>
        </test-method> <!-- setup -->
        <test-method status="PASS" signature="verifyContactLbl()[pri:0, instance:com.qa.CRM.CRM.testcases.ContactTest@1ce4f0a]" name="verifyContactLbl" duration-ms="60" started-at="2018-10-03T22:50:03Z" finished-at="2018-10-03T22:50:03Z">
          <reporter-output>
          </reporter-output>
        </test-method> <!-- verifyContactLbl -->
        <test-method status="PASS" signature="tearDown()[pri:0, instance:com.qa.CRM.CRM.testcases.ContactTest@1ce4f0a]" name="tearDown" is-config="true" duration-ms="2620" started-at="2018-10-03T22:50:03Z" finished-at="2018-10-03T22:50:06Z">
          <reporter-output>
          </reporter-output>
        </test-method> <!-- tearDown -->
      </class> <!-- com.qa.CRM.CRM.testcases.ContactTest -->
    </test> <!-- Default test -->
  </suite> <!-- Default suite -->
</testng-results>
